15:17:40,839  INFO ContextLoader:285 - Root WebApplicationContext: initialization started
15:17:40,879  INFO XmlWebApplicationContext:510 - Refreshing Root WebApplicationContext: startup date [Thu Sep 28 15:17:40 CST 2017]; root of context hierarchy
15:17:40,910  INFO XmlBeanDefinitionReader:317 - Loading XML bean definitions from class path resource [applicationContext.xml]
15:17:41,248  INFO XmlBeanDefinitionReader:317 - Loading XML bean definitions from class path resource [cxf.xml]
15:17:41,311  INFO XmlBeanDefinitionReader:317 - Loading XML bean definitions from class path resource [applicationContext-quartz.xml]
15:17:41,327  INFO XmlBeanDefinitionReader:317 - Loading XML bean definitions from class path resource [applicationContext-jms.xml]
15:17:41,496  INFO PropertySourcesPlaceholderConfigurer:172 - Loading properties file from class path resource [db.properties]
15:17:41,512  INFO AutowiredAnnotationBeanPostProcessor:153 - JSR-330 'javax.inject.Inject' annotation found and supported for autowiring
15:17:41,550  INFO MLog:80 - MLog clients using log4j logging.
15:17:41,581  INFO C3P0Registry:204 - Initializing c3p0-0.9.1.2 [built 21-May-2007 15:04:56; debug? true; trace: 10]
15:17:41,712  INFO LocalContainerEntityManagerFactoryBean:339 - Building JPA container EntityManagerFactory for persistence unit 'default'
15:17:41,728  INFO LogHelper:31 - HHH000204: Processing PersistenceUnitInfo [
	name: default
	...]
15:17:41,797  INFO Version:37 - HHH000412: Hibernate Core {5.0.1.Final}
15:17:41,813  INFO Environment:213 - HHH000206: hibernate.properties not found
15:17:41,813  INFO Environment:317 - HHH000021: Bytecode provider name : javassist
15:17:41,866  INFO Version:66 - HCANN000001: Hibernate Commons Annotations {5.0.0.Final}
15:17:42,012  INFO AbstractPoolBackedDataSource:462 - Initializing c3p0 pool... com.mchange.v2.c3p0.ComboPooledDataSource [ acquireIncrement -> 3, acquireRetryAttempts -> 30, acquireRetryDelay -> 1000, autoCommitOnClose -> false, automaticTestTable -> null, breakAfterAcquireFailure -> false, checkoutTimeout -> 0, connectionCustomizerClassName -> null, connectionTesterClassName -> com.mchange.v2.c3p0.impl.DefaultConnectionTester, dataSourceName -> 1hgea7o9q1jb8ev11sujuti|37bced54, debugUnreturnedConnectionStackTraces -> false, description -> null, driverClass -> oracle.jdbc.driver.OracleDriver, factoryClassLocation -> null, forceIgnoreUnresolvedTransactions -> false, identityToken -> 1hgea7o9q1jb8ev11sujuti|37bced54, idleConnectionTestPeriod -> 0, initialPoolSize -> 3, jdbcUrl -> jdbc:oracle:thin:@192.168.80.88:1521/orcl, maxAdministrativeTaskTime -> 0, maxConnectionAge -> 0, maxIdleTime -> 0, maxIdleTimeExcessConnections -> 0, maxPoolSize -> 15, maxStatements -> 0, maxStatementsPerConnection -> 0, minPoolSize -> 3, numHelperThreads -> 3, numThreadsAwaitingCheckoutDefaultUser -> 0, preferredTestQuery -> null, properties -> {user=******, password=******}, propertyCycle -> 0, testConnectionOnCheckin -> false, testConnectionOnCheckout -> false, unreturnedConnectionTimeout -> 0, usesTraditionalReflectiveProxies -> false ]
15:17:42,414  INFO Dialect:154 - HHH000400: Using dialect: org.hibernate.dialect.Oracle10gDialect
15:17:42,514  INFO LobCreatorBuilderImpl:124 - HHH000424: Disabling contextual LOB creation as createClob() method threw error : java.lang.reflect.InvocationTargetException
15:17:43,699  INFO SchemaUpdate:101 - HHH000228: Running hbm2ddl schema update
15:17:44,502  INFO StatisticalLoggingSessionEventListener:258 - Session Metrics {
    0 nanoseconds spent acquiring 0 JDBC connections;
    0 nanoseconds spent releasing 0 JDBC connections;
    0 nanoseconds spent preparing 0 JDBC statements;
    0 nanoseconds spent executing 0 JDBC statements;
    0 nanoseconds spent executing 0 JDBC batches;
    0 nanoseconds spent performing 0 L2C puts;
    0 nanoseconds spent performing 0 L2C hits;
    0 nanoseconds spent performing 0 L2C misses;
    0 nanoseconds spent executing 0 flushes (flushing a total of 0 entities and 0 collections);
    0 nanoseconds spent executing 0 partial-flushes (flushing a total of 0 entities and 0 collections)
}
15:17:44,520  INFO StatisticalLoggingSessionEventListener:258 - Session Metrics {
    0 nanoseconds spent acquiring 0 JDBC connections;
    0 nanoseconds spent releasing 0 JDBC connections;
    0 nanoseconds spent preparing 0 JDBC statements;
    0 nanoseconds spent executing 0 JDBC statements;
    0 nanoseconds spent executing 0 JDBC batches;
    0 nanoseconds spent performing 0 L2C puts;
    0 nanoseconds spent performing 0 L2C hits;
    0 nanoseconds spent performing 0 L2C misses;
    0 nanoseconds spent executing 0 flushes (flushing a total of 0 entities and 0 collections);
    0 nanoseconds spent executing 0 partial-flushes (flushing a total of 0 entities and 0 collections)
}
15:17:44,581  INFO StatisticalLoggingSessionEventListener:258 - Session Metrics {
    0 nanoseconds spent acquiring 0 JDBC connections;
    0 nanoseconds spent releasing 0 JDBC connections;
    0 nanoseconds spent preparing 0 JDBC statements;
    0 nanoseconds spent executing 0 JDBC statements;
    0 nanoseconds spent executing 0 JDBC batches;
    0 nanoseconds spent performing 0 L2C puts;
    0 nanoseconds spent performing 0 L2C hits;
    0 nanoseconds spent performing 0 L2C misses;
    0 nanoseconds spent executing 0 flushes (flushing a total of 0 entities and 0 collections);
    0 nanoseconds spent executing 0 partial-flushes (flushing a total of 0 entities and 0 collections)
}
15:17:44,584  INFO StatisticalLoggingSessionEventListener:258 - Session Metrics {
    0 nanoseconds spent acquiring 0 JDBC connections;
    0 nanoseconds spent releasing 0 JDBC connections;
    0 nanoseconds spent preparing 0 JDBC statements;
    0 nanoseconds spent executing 0 JDBC statements;
    0 nanoseconds spent executing 0 JDBC batches;
    0 nanoseconds spent performing 0 L2C puts;
    0 nanoseconds spent performing 0 L2C hits;
    0 nanoseconds spent performing 0 L2C misses;
    0 nanoseconds spent executing 0 flushes (flushing a total of 0 entities and 0 collections);
    0 nanoseconds spent executing 0 partial-flushes (flushing a total of 0 entities and 0 collections)
}
15:17:44,588  INFO StatisticalLoggingSessionEventListener:258 - Session Metrics {
    0 nanoseconds spent acquiring 0 JDBC connections;
    0 nanoseconds spent releasing 0 JDBC connections;
    0 nanoseconds spent preparing 0 JDBC statements;
    0 nanoseconds spent executing 0 JDBC statements;
    0 nanoseconds spent executing 0 JDBC batches;
    0 nanoseconds spent performing 0 L2C puts;
    0 nanoseconds spent performing 0 L2C hits;
    0 nanoseconds spent performing 0 L2C misses;
    0 nanoseconds spent executing 0 flushes (flushing a total of 0 entities and 0 collections);
    0 nanoseconds spent executing 0 partial-flushes (flushing a total of 0 entities and 0 collections)
}
15:17:44,597  INFO StatisticalLoggingSessionEventListener:258 - Session Metrics {
    0 nanoseconds spent acquiring 0 JDBC connections;
    0 nanoseconds spent releasing 0 JDBC connections;
    0 nanoseconds spent preparing 0 JDBC statements;
    0 nanoseconds spent executing 0 JDBC statements;
    0 nanoseconds spent executing 0 JDBC batches;
    0 nanoseconds spent performing 0 L2C puts;
    0 nanoseconds spent performing 0 L2C hits;
    0 nanoseconds spent performing 0 L2C misses;
    0 nanoseconds spent executing 0 flushes (flushing a total of 0 entities and 0 collections);
    0 nanoseconds spent executing 0 partial-flushes (flushing a total of 0 entities and 0 collections)
}
15:17:44,621  INFO StatisticalLoggingSessionEventListener:258 - Session Metrics {
    0 nanoseconds spent acquiring 0 JDBC connections;
    0 nanoseconds spent releasing 0 JDBC connections;
    0 nanoseconds spent preparing 0 JDBC statements;
    0 nanoseconds spent executing 0 JDBC statements;
    0 nanoseconds spent executing 0 JDBC batches;
    0 nanoseconds spent performing 0 L2C puts;
    0 nanoseconds spent performing 0 L2C hits;
    0 nanoseconds spent performing 0 L2C misses;
    0 nanoseconds spent executing 0 flushes (flushing a total of 0 entities and 0 collections);
    0 nanoseconds spent executing 0 partial-flushes (flushing a total of 0 entities and 0 collections)
}
15:17:44,633  INFO StatisticalLoggingSessionEventListener:258 - Session Metrics {
    0 nanoseconds spent acquiring 0 JDBC connections;
    0 nanoseconds spent releasing 0 JDBC connections;
    0 nanoseconds spent preparing 0 JDBC statements;
    0 nanoseconds spent executing 0 JDBC statements;
    0 nanoseconds spent executing 0 JDBC batches;
    0 nanoseconds spent performing 0 L2C puts;
    0 nanoseconds spent performing 0 L2C hits;
    0 nanoseconds spent performing 0 L2C misses;
    0 nanoseconds spent executing 0 flushes (flushing a total of 0 entities and 0 collections);
    0 nanoseconds spent executing 0 partial-flushes (flushing a total of 0 entities and 0 collections)
}
15:17:44,637  INFO StatisticalLoggingSessionEventListener:258 - Session Metrics {
    0 nanoseconds spent acquiring 0 JDBC connections;
    0 nanoseconds spent releasing 0 JDBC connections;
    0 nanoseconds spent preparing 0 JDBC statements;
    0 nanoseconds spent executing 0 JDBC statements;
    0 nanoseconds spent executing 0 JDBC batches;
    0 nanoseconds spent performing 0 L2C puts;
    0 nanoseconds spent performing 0 L2C hits;
    0 nanoseconds spent performing 0 L2C misses;
    0 nanoseconds spent executing 0 flushes (flushing a total of 0 entities and 0 collections);
    0 nanoseconds spent executing 0 partial-flushes (flushing a total of 0 entities and 0 collections)
}
15:17:44,660  INFO QueryTranslatorFactoryInitiator:47 - HHH000397: Using ASTQueryTranslatorFactory
15:17:44,738  WARN HqlSqlWalker:992 - [DEPRECATION] Encountered positional parameter near line 1, column 72 in HQL: [update cn.itcast.bos.domain.base.Courier c set c.deltag = 1 where c.id=?].  Positional parameter are considered deprecated; use named parameters or JPA-style positional parameters instead.
15:17:44,749  INFO StatisticalLoggingSessionEventListener:258 - Session Metrics {
    0 nanoseconds spent acquiring 0 JDBC connections;
    0 nanoseconds spent releasing 0 JDBC connections;
    0 nanoseconds spent preparing 0 JDBC statements;
    0 nanoseconds spent executing 0 JDBC statements;
    0 nanoseconds spent executing 0 JDBC batches;
    0 nanoseconds spent performing 0 L2C puts;
    0 nanoseconds spent performing 0 L2C hits;
    0 nanoseconds spent performing 0 L2C misses;
    0 nanoseconds spent executing 0 flushes (flushing a total of 0 entities and 0 collections);
    0 nanoseconds spent executing 0 partial-flushes (flushing a total of 0 entities and 0 collections)
}
15:17:44,758  WARN HqlSqlWalker:992 - [DEPRECATION] Encountered positional parameter near line 1, column 79 in HQL: [from cn.itcast.bos.domain.base.Courier c join fetch c.fixedAreas f where f.id=?].  Positional parameter are considered deprecated; use named parameters or JPA-style positional parameters instead.
15:17:44,766  INFO StatisticalLoggingSessionEventListener:258 - Session Metrics {
    0 nanoseconds spent acquiring 0 JDBC connections;
    0 nanoseconds spent releasing 0 JDBC connections;
    0 nanoseconds spent preparing 0 JDBC statements;
    0 nanoseconds spent executing 0 JDBC statements;
    0 nanoseconds spent executing 0 JDBC batches;
    0 nanoseconds spent performing 0 L2C puts;
    0 nanoseconds spent performing 0 L2C hits;
    0 nanoseconds spent performing 0 L2C misses;
    0 nanoseconds spent executing 0 flushes (flushing a total of 0 entities and 0 collections);
    0 nanoseconds spent executing 0 partial-flushes (flushing a total of 0 entities and 0 collections)
}
15:17:44,780  INFO StatisticalLoggingSessionEventListener:258 - Session Metrics {
    0 nanoseconds spent acquiring 0 JDBC connections;
    0 nanoseconds spent releasing 0 JDBC connections;
    0 nanoseconds spent preparing 0 JDBC statements;
    0 nanoseconds spent executing 0 JDBC statements;
    0 nanoseconds spent executing 0 JDBC batches;
    0 nanoseconds spent performing 0 L2C puts;
    0 nanoseconds spent performing 0 L2C hits;
    0 nanoseconds spent performing 0 L2C misses;
    0 nanoseconds spent executing 0 flushes (flushing a total of 0 entities and 0 collections);
    0 nanoseconds spent executing 0 partial-flushes (flushing a total of 0 entities and 0 collections)
}
15:17:44,782  INFO StatisticalLoggingSessionEventListener:258 - Session Metrics {
    0 nanoseconds spent acquiring 0 JDBC connections;
    0 nanoseconds spent releasing 0 JDBC connections;
    0 nanoseconds spent preparing 0 JDBC statements;
    0 nanoseconds spent executing 0 JDBC statements;
    0 nanoseconds spent executing 0 JDBC batches;
    0 nanoseconds spent performing 0 L2C puts;
    0 nanoseconds spent performing 0 L2C hits;
    0 nanoseconds spent performing 0 L2C misses;
    0 nanoseconds spent executing 0 flushes (flushing a total of 0 entities and 0 collections);
    0 nanoseconds spent executing 0 partial-flushes (flushing a total of 0 entities and 0 collections)
}
15:17:44,797  INFO StatisticalLoggingSessionEventListener:258 - Session Metrics {
    0 nanoseconds spent acquiring 0 JDBC connections;
    0 nanoseconds spent releasing 0 JDBC connections;
    0 nanoseconds spent preparing 0 JDBC statements;
    0 nanoseconds spent executing 0 JDBC statements;
    0 nanoseconds spent executing 0 JDBC batches;
    0 nanoseconds spent performing 0 L2C puts;
    0 nanoseconds spent performing 0 L2C hits;
    0 nanoseconds spent performing 0 L2C misses;
    0 nanoseconds spent executing 0 flushes (flushing a total of 0 entities and 0 collections);
    0 nanoseconds spent executing 0 partial-flushes (flushing a total of 0 entities and 0 collections)
}
15:17:44,799  INFO StatisticalLoggingSessionEventListener:258 - Session Metrics {
    0 nanoseconds spent acquiring 0 JDBC connections;
    0 nanoseconds spent releasing 0 JDBC connections;
    0 nanoseconds spent preparing 0 JDBC statements;
    0 nanoseconds spent executing 0 JDBC statements;
    0 nanoseconds spent executing 0 JDBC batches;
    0 nanoseconds spent performing 0 L2C puts;
    0 nanoseconds spent performing 0 L2C hits;
    0 nanoseconds spent performing 0 L2C misses;
    0 nanoseconds spent executing 0 flushes (flushing a total of 0 entities and 0 collections);
    0 nanoseconds spent executing 0 partial-flushes (flushing a total of 0 entities and 0 collections)
}
15:17:44,809  INFO StatisticalLoggingSessionEventListener:258 - Session Metrics {
    0 nanoseconds spent acquiring 0 JDBC connections;
    0 nanoseconds spent releasing 0 JDBC connections;
    0 nanoseconds spent preparing 0 JDBC statements;
    0 nanoseconds spent executing 0 JDBC statements;
    0 nanoseconds spent executing 0 JDBC batches;
    0 nanoseconds spent performing 0 L2C puts;
    0 nanoseconds spent performing 0 L2C hits;
    0 nanoseconds spent performing 0 L2C misses;
    0 nanoseconds spent executing 0 flushes (flushing a total of 0 entities and 0 collections);
    0 nanoseconds spent executing 0 partial-flushes (flushing a total of 0 entities and 0 collections)
}
15:17:44,811  INFO StatisticalLoggingSessionEventListener:258 - Session Metrics {
    0 nanoseconds spent acquiring 0 JDBC connections;
    0 nanoseconds spent releasing 0 JDBC connections;
    0 nanoseconds spent preparing 0 JDBC statements;
    0 nanoseconds spent executing 0 JDBC statements;
    0 nanoseconds spent executing 0 JDBC batches;
    0 nanoseconds spent performing 0 L2C puts;
    0 nanoseconds spent performing 0 L2C hits;
    0 nanoseconds spent performing 0 L2C misses;
    0 nanoseconds spent executing 0 flushes (flushing a total of 0 entities and 0 collections);
    0 nanoseconds spent executing 0 partial-flushes (flushing a total of 0 entities and 0 collections)
}
15:17:44,879  INFO StatisticalLoggingSessionEventListener:258 - Session Metrics {
    0 nanoseconds spent acquiring 0 JDBC connections;
    0 nanoseconds spent releasing 0 JDBC connections;
    0 nanoseconds spent preparing 0 JDBC statements;
    0 nanoseconds spent executing 0 JDBC statements;
    0 nanoseconds spent executing 0 JDBC batches;
    0 nanoseconds spent performing 0 L2C puts;
    0 nanoseconds spent performing 0 L2C hits;
    0 nanoseconds spent performing 0 L2C misses;
    0 nanoseconds spent executing 0 flushes (flushing a total of 0 entities and 0 collections);
    0 nanoseconds spent executing 0 partial-flushes (flushing a total of 0 entities and 0 collections)
}
15:17:44,881  INFO StatisticalLoggingSessionEventListener:258 - Session Metrics {
    0 nanoseconds spent acquiring 0 JDBC connections;
    0 nanoseconds spent releasing 0 JDBC connections;
    0 nanoseconds spent preparing 0 JDBC statements;
    0 nanoseconds spent executing 0 JDBC statements;
    0 nanoseconds spent executing 0 JDBC batches;
    0 nanoseconds spent performing 0 L2C puts;
    0 nanoseconds spent performing 0 L2C hits;
    0 nanoseconds spent performing 0 L2C misses;
    0 nanoseconds spent executing 0 flushes (flushing a total of 0 entities and 0 collections);
    0 nanoseconds spent executing 0 partial-flushes (flushing a total of 0 entities and 0 collections)
}
15:17:44,883  INFO StatisticalLoggingSessionEventListener:258 - Session Metrics {
    0 nanoseconds spent acquiring 0 JDBC connections;
    0 nanoseconds spent releasing 0 JDBC connections;
    0 nanoseconds spent preparing 0 JDBC statements;
    0 nanoseconds spent executing 0 JDBC statements;
    0 nanoseconds spent executing 0 JDBC batches;
    0 nanoseconds spent performing 0 L2C puts;
    0 nanoseconds spent performing 0 L2C hits;
    0 nanoseconds spent performing 0 L2C misses;
    0 nanoseconds spent executing 0 flushes (flushing a total of 0 entities and 0 collections);
    0 nanoseconds spent executing 0 partial-flushes (flushing a total of 0 entities and 0 collections)
}
15:17:44,884  INFO StatisticalLoggingSessionEventListener:258 - Session Metrics {
    0 nanoseconds spent acquiring 0 JDBC connections;
    0 nanoseconds spent releasing 0 JDBC connections;
    0 nanoseconds spent preparing 0 JDBC statements;
    0 nanoseconds spent executing 0 JDBC statements;
    0 nanoseconds spent executing 0 JDBC batches;
    0 nanoseconds spent performing 0 L2C puts;
    0 nanoseconds spent performing 0 L2C hits;
    0 nanoseconds spent performing 0 L2C misses;
    0 nanoseconds spent executing 0 flushes (flushing a total of 0 entities and 0 collections);
    0 nanoseconds spent executing 0 partial-flushes (flushing a total of 0 entities and 0 collections)
}
15:17:44,884  INFO StatisticalLoggingSessionEventListener:258 - Session Metrics {
    0 nanoseconds spent acquiring 0 JDBC connections;
    0 nanoseconds spent releasing 0 JDBC connections;
    0 nanoseconds spent preparing 0 JDBC statements;
    0 nanoseconds spent executing 0 JDBC statements;
    0 nanoseconds spent executing 0 JDBC batches;
    0 nanoseconds spent performing 0 L2C puts;
    0 nanoseconds spent performing 0 L2C hits;
    0 nanoseconds spent performing 0 L2C misses;
    0 nanoseconds spent executing 0 flushes (flushing a total of 0 entities and 0 collections);
    0 nanoseconds spent executing 0 partial-flushes (flushing a total of 0 entities and 0 collections)
}
15:17:44,888  WARN HqlSqlWalker:992 - [DEPRECATION] Encountered positional parameter near line 1, column 56 in HQL: [update cn.itcast.bos.domain.base.Standard s set s.name=? where id = ?].  Positional parameter are considered deprecated; use named parameters or JPA-style positional parameters instead.
15:17:44,888  WARN HqlSqlWalker:992 - [DEPRECATION] Encountered positional parameter near line 1, column 69 in HQL: [update cn.itcast.bos.domain.base.Standard s set s.name=? where id = ?].  Positional parameter are considered deprecated; use named parameters or JPA-style positional parameters instead.
15:17:44,889  INFO StatisticalLoggingSessionEventListener:258 - Session Metrics {
    0 nanoseconds spent acquiring 0 JDBC connections;
    0 nanoseconds spent releasing 0 JDBC connections;
    0 nanoseconds spent preparing 0 JDBC statements;
    0 nanoseconds spent executing 0 JDBC statements;
    0 nanoseconds spent executing 0 JDBC batches;
    0 nanoseconds spent performing 0 L2C puts;
    0 nanoseconds spent performing 0 L2C hits;
    0 nanoseconds spent performing 0 L2C misses;
    0 nanoseconds spent executing 0 flushes (flushing a total of 0 entities and 0 collections);
    0 nanoseconds spent executing 0 partial-flushes (flushing a total of 0 entities and 0 collections)
}
15:17:44,892  WARN HqlSqlWalker:992 - [DEPRECATION] Encountered positional parameter near line 1, column 56 in HQL: [from cn.itcast.bos.domain.base.Standard s where s.name=?].  Positional parameter are considered deprecated; use named parameters or JPA-style positional parameters instead.
15:17:44,893  INFO StatisticalLoggingSessionEventListener:258 - Session Metrics {
    0 nanoseconds spent acquiring 0 JDBC connections;
    0 nanoseconds spent releasing 0 JDBC connections;
    0 nanoseconds spent preparing 0 JDBC statements;
    0 nanoseconds spent executing 0 JDBC statements;
    0 nanoseconds spent executing 0 JDBC batches;
    0 nanoseconds spent performing 0 L2C puts;
    0 nanoseconds spent performing 0 L2C hits;
    0 nanoseconds spent performing 0 L2C misses;
    0 nanoseconds spent executing 0 flushes (flushing a total of 0 entities and 0 collections);
    0 nanoseconds spent executing 0 partial-flushes (flushing a total of 0 entities and 0 collections)
}
15:17:44,906  INFO StatisticalLoggingSessionEventListener:258 - Session Metrics {
    0 nanoseconds spent acquiring 0 JDBC connections;
    0 nanoseconds spent releasing 0 JDBC connections;
    0 nanoseconds spent preparing 0 JDBC statements;
    0 nanoseconds spent executing 0 JDBC statements;
    0 nanoseconds spent executing 0 JDBC batches;
    0 nanoseconds spent performing 0 L2C puts;
    0 nanoseconds spent performing 0 L2C hits;
    0 nanoseconds spent performing 0 L2C misses;
    0 nanoseconds spent executing 0 flushes (flushing a total of 0 entities and 0 collections);
    0 nanoseconds spent executing 0 partial-flushes (flushing a total of 0 entities and 0 collections)
}
15:17:44,909  INFO StatisticalLoggingSessionEventListener:258 - Session Metrics {
    0 nanoseconds spent acquiring 0 JDBC connections;
    0 nanoseconds spent releasing 0 JDBC connections;
    0 nanoseconds spent preparing 0 JDBC statements;
    0 nanoseconds spent executing 0 JDBC statements;
    0 nanoseconds spent executing 0 JDBC batches;
    0 nanoseconds spent performing 0 L2C puts;
    0 nanoseconds spent performing 0 L2C hits;
    0 nanoseconds spent performing 0 L2C misses;
    0 nanoseconds spent executing 0 flushes (flushing a total of 0 entities and 0 collections);
    0 nanoseconds spent executing 0 partial-flushes (flushing a total of 0 entities and 0 collections)
}
15:17:44,924  INFO StatisticalLoggingSessionEventListener:258 - Session Metrics {
    0 nanoseconds spent acquiring 0 JDBC connections;
    0 nanoseconds spent releasing 0 JDBC connections;
    0 nanoseconds spent preparing 0 JDBC statements;
    0 nanoseconds spent executing 0 JDBC statements;
    0 nanoseconds spent executing 0 JDBC batches;
    0 nanoseconds spent performing 0 L2C puts;
    0 nanoseconds spent performing 0 L2C hits;
    0 nanoseconds spent performing 0 L2C misses;
    0 nanoseconds spent executing 0 flushes (flushing a total of 0 entities and 0 collections);
    0 nanoseconds spent executing 0 partial-flushes (flushing a total of 0 entities and 0 collections)
}
15:17:44,926  INFO StatisticalLoggingSessionEventListener:258 - Session Metrics {
    0 nanoseconds spent acquiring 0 JDBC connections;
    0 nanoseconds spent releasing 0 JDBC connections;
    0 nanoseconds spent preparing 0 JDBC statements;
    0 nanoseconds spent executing 0 JDBC statements;
    0 nanoseconds spent executing 0 JDBC batches;
    0 nanoseconds spent performing 0 L2C puts;
    0 nanoseconds spent performing 0 L2C hits;
    0 nanoseconds spent performing 0 L2C misses;
    0 nanoseconds spent executing 0 flushes (flushing a total of 0 entities and 0 collections);
    0 nanoseconds spent executing 0 partial-flushes (flushing a total of 0 entities and 0 collections)
}
15:17:44,938  INFO StatisticalLoggingSessionEventListener:258 - Session Metrics {
    0 nanoseconds spent acquiring 0 JDBC connections;
    0 nanoseconds spent releasing 0 JDBC connections;
    0 nanoseconds spent preparing 0 JDBC statements;
    0 nanoseconds spent executing 0 JDBC statements;
    0 nanoseconds spent executing 0 JDBC batches;
    0 nanoseconds spent performing 0 L2C puts;
    0 nanoseconds spent performing 0 L2C hits;
    0 nanoseconds spent performing 0 L2C misses;
    0 nanoseconds spent executing 0 flushes (flushing a total of 0 entities and 0 collections);
    0 nanoseconds spent executing 0 partial-flushes (flushing a total of 0 entities and 0 collections)
}
15:17:44,939  INFO StatisticalLoggingSessionEventListener:258 - Session Metrics {
    0 nanoseconds spent acquiring 0 JDBC connections;
    0 nanoseconds spent releasing 0 JDBC connections;
    0 nanoseconds spent preparing 0 JDBC statements;
    0 nanoseconds spent executing 0 JDBC statements;
    0 nanoseconds spent executing 0 JDBC batches;
    0 nanoseconds spent performing 0 L2C puts;
    0 nanoseconds spent performing 0 L2C hits;
    0 nanoseconds spent performing 0 L2C misses;
    0 nanoseconds spent executing 0 flushes (flushing a total of 0 entities and 0 collections);
    0 nanoseconds spent executing 0 partial-flushes (flushing a total of 0 entities and 0 collections)
}
15:17:45,083  INFO BusApplicationContext:510 - Refreshing org.apache.cxf.bus.spring.BusApplicationContext@509fb6b3: startup date [Thu Sep 28 15:17:45 CST 2017]; root of context hierarchy
15:17:45,114  INFO BusApplicationContext:452 - Loaded configuration file cxf.xml.
15:17:45,114  INFO ControlledValidationXmlBeanDefinitionReader:317 - Loading XML bean definitions from class path resource [META-INF/cxf/cxf.xml]
15:17:45,197  INFO ControlledValidationXmlBeanDefinitionReader:317 - Loading XML bean definitions from class path resource [cxf.xml]
15:17:45,462  INFO ServerImpl:85 - Setting the server's publish address to be /promotion
15:17:45,504  INFO ServerImpl:85 - Setting the server's publish address to be /orderService
15:17:45,515  INFO ServerImpl:85 - Setting the server's publish address to be /promotion
15:17:45,525  INFO ServerImpl:85 - Setting the server's publish address to be /orderService
15:17:45,572  INFO StdSchedulerFactory:1172 - Using default implementation for ThreadExecutor
15:17:45,587  INFO SchedulerSignalerImpl:61 - Initialized Scheduler Signaller of type: class org.quartz.core.SchedulerSignalerImpl
15:17:45,587  INFO QuartzScheduler:240 - Quartz Scheduler v.2.2.3 created.
15:17:45,588  INFO RAMJobStore:155 - RAMJobStore initialized.
15:17:45,589  INFO QuartzScheduler:305 - Scheduler meta-data: Quartz Scheduler (v2.2.3) 'schedulerFactoryBean' with instanceId 'NON_CLUSTERED'
  Scheduler class: 'org.quartz.core.QuartzScheduler' - running locally.
  NOT STARTED.
  Currently in standby mode.
  Number of jobs executed: 0
  Using thread pool 'org.quartz.simpl.SimpleThreadPool' - with 10 threads.
  Using job-store 'org.quartz.simpl.RAMJobStore' - which does not support persistence. and is not clustered.

15:17:45,589  INFO StdSchedulerFactory:1327 - Quartz scheduler 'schedulerFactoryBean' initialized from an externally provided properties instance.
15:17:45,589  INFO StdSchedulerFactory:1331 - Quartz scheduler version: 2.2.3
15:17:45,590  INFO QuartzScheduler:2311 - JobFactory set to: org.springframework.scheduling.quartz.AdaptableJobFactory@3bd2f15b
15:17:45,594  INFO DefaultLifecycleProcessor:341 - Starting beans in phase 2147483647
15:17:45,594  INFO SchedulerFactoryBean:647 - Starting Quartz Scheduler now
15:17:45,594  INFO QuartzScheduler:575 - Scheduler schedulerFactoryBean_$_NON_CLUSTERED started.
15:17:45,595  INFO ContextLoader:325 - Root WebApplicationContext: initialization completed in 4754 ms
15:17:45,765  INFO XmlConfigurationProvider:46 - Parsing configuration file [struts-default.xml]
15:17:45,830  INFO XmlConfigurationProvider:46 - Parsing configuration file [struts-plugin.xml]
15:17:45,843  INFO XmlConfigurationProvider:46 - Unable to locate configuration files of the name struts.xml, skipping
15:17:45,843  INFO XmlConfigurationProvider:46 - Parsing configuration file [struts.xml]
15:17:45,845  INFO AbstractBeanSelectionProvider:46 - Choosing bean (spring) for (com.opensymphony.xwork2.ObjectFactory)
15:17:45,845  INFO AbstractBeanSelectionProvider:46 - Choosing bean (struts) for (com.opensymphony.xwork2.factory.ActionFactory)
15:17:45,845  INFO AbstractBeanSelectionProvider:46 - Choosing bean (struts) for (com.opensymphony.xwork2.factory.ResultFactory)
15:17:45,845  INFO AbstractBeanSelectionProvider:46 - Choosing bean (struts) for (com.opensymphony.xwork2.factory.ConverterFactory)
15:17:45,846  INFO AbstractBeanSelectionProvider:46 - Choosing bean (struts) for (com.opensymphony.xwork2.factory.InterceptorFactory)
15:17:45,846  INFO AbstractBeanSelectionProvider:46 - Choosing bean (struts) for (com.opensymphony.xwork2.factory.ValidatorFactory)
15:17:45,846  INFO AbstractBeanSelectionProvider:46 - Choosing bean (struts) for (com.opensymphony.xwork2.factory.UnknownHandlerFactory)
15:17:45,846  INFO AbstractBeanSelectionProvider:46 - Choosing bean (struts) for (com.opensymphony.xwork2.FileManagerFactory)
15:17:45,846  INFO AbstractBeanSelectionProvider:46 - Choosing bean (struts) for (com.opensymphony.xwork2.conversion.impl.XWorkConverter)
15:17:45,846  INFO AbstractBeanSelectionProvider:46 - Choosing bean (struts) for (com.opensymphony.xwork2.conversion.impl.CollectionConverter)
15:17:45,846  INFO AbstractBeanSelectionProvider:46 - Choosing bean (struts) for (com.opensymphony.xwork2.conversion.impl.ArrayConverter)
15:17:45,846  INFO AbstractBeanSelectionProvider:46 - Choosing bean (struts) for (com.opensymphony.xwork2.conversion.impl.DateConverter)
15:17:45,846  INFO AbstractBeanSelectionProvider:46 - Choosing bean (struts) for (com.opensymphony.xwork2.conversion.impl.NumberConverter)
15:17:45,847  INFO AbstractBeanSelectionProvider:46 - Choosing bean (struts) for (com.opensymphony.xwork2.conversion.impl.StringConverter)
15:17:45,847  INFO AbstractBeanSelectionProvider:46 - Choosing bean (struts) for (com.opensymphony.xwork2.conversion.ConversionPropertiesProcessor)
15:17:45,847  INFO AbstractBeanSelectionProvider:46 - Choosing bean (struts) for (com.opensymphony.xwork2.conversion.ConversionFileProcessor)
15:17:45,847  INFO AbstractBeanSelectionProvider:46 - Choosing bean (struts) for (com.opensymphony.xwork2.conversion.ConversionAnnotationProcessor)
15:17:45,847  INFO AbstractBeanSelectionProvider:46 - Choosing bean (struts) for (com.opensymphony.xwork2.conversion.TypeConverterCreator)
15:17:45,847  INFO AbstractBeanSelectionProvider:46 - Choosing bean (struts) for (com.opensymphony.xwork2.conversion.TypeConverterHolder)
15:17:45,847  INFO AbstractBeanSelectionProvider:46 - Choosing bean (struts) for (com.opensymphony.xwork2.TextProvider)
15:17:45,847  INFO AbstractBeanSelectionProvider:46 - Choosing bean (struts) for (com.opensymphony.xwork2.LocaleProvider)
15:17:45,847  INFO AbstractBeanSelectionProvider:46 - Choosing bean (struts) for (com.opensymphony.xwork2.ActionProxyFactory)
15:17:45,847  INFO AbstractBeanSelectionProvider:46 - Choosing bean (struts) for (com.opensymphony.xwork2.conversion.ObjectTypeDeterminer)
15:17:45,847  INFO AbstractBeanSelectionProvider:46 - Choosing bean (struts) for (org.apache.struts2.dispatcher.mapper.ActionMapper)
15:17:45,848  INFO AbstractBeanSelectionProvider:46 - Choosing bean (jakarta) for (org.apache.struts2.dispatcher.multipart.MultiPartRequest)
15:17:45,848  INFO AbstractBeanSelectionProvider:46 - Choosing bean (struts) for (org.apache.struts2.views.freemarker.FreemarkerManager)
15:17:45,849  INFO AbstractBeanSelectionProvider:46 - Choosing bean (struts) for (org.apache.struts2.components.UrlRenderer)
15:17:45,849  INFO AbstractBeanSelectionProvider:46 - Choosing bean (struts) for (com.opensymphony.xwork2.validator.ActionValidatorManager)
15:17:45,849  INFO AbstractBeanSelectionProvider:46 - Choosing bean (struts) for (com.opensymphony.xwork2.util.ValueStackFactory)
15:17:45,850  INFO AbstractBeanSelectionProvider:46 - Choosing bean (struts) for (com.opensymphony.xwork2.util.reflection.ReflectionProvider)
15:17:45,850  INFO AbstractBeanSelectionProvider:46 - Choosing bean (struts) for (com.opensymphony.xwork2.util.reflection.ReflectionContextFactory)
15:17:45,850  INFO AbstractBeanSelectionProvider:46 - Choosing bean (struts) for (com.opensymphony.xwork2.util.PatternMatcher)
15:17:45,861  INFO AbstractBeanSelectionProvider:46 - Choosing bean (struts) for (org.apache.struts2.util.ContentTypeMatcher)
15:17:45,861  INFO AbstractBeanSelectionProvider:46 - Choosing bean (struts) for (org.apache.struts2.dispatcher.StaticContentLoader)
15:17:45,861  INFO AbstractBeanSelectionProvider:46 - Choosing bean (struts) for (com.opensymphony.xwork2.UnknownHandlerManager)
15:17:45,861  INFO AbstractBeanSelectionProvider:46 - Choosing bean (struts) for (org.apache.struts2.views.util.UrlHelper)
15:17:45,861  INFO AbstractBeanSelectionProvider:46 - Choosing bean (struts) for (com.opensymphony.xwork2.util.TextParser)
15:17:45,861  INFO AbstractBeanSelectionProvider:46 - Choosing bean (struts) for (org.apache.struts2.dispatcher.DispatcherErrorHandler)
15:17:45,861  INFO AbstractBeanSelectionProvider:46 - Choosing bean (struts) for (com.opensymphony.xwork2.security.ExcludedPatternsChecker)
15:17:45,861  INFO AbstractBeanSelectionProvider:46 - Choosing bean (struts) for (com.opensymphony.xwork2.security.AcceptedPatternsChecker)
15:17:45,865  INFO StrutsSpringObjectFactory:46 - Initializing Struts-Spring integration...
15:17:45,865  INFO SpringObjectFactory:46 - Setting autowire strategy to name
15:17:45,865  INFO StrutsSpringObjectFactory:46 - ... initialized Struts-Spring integration successfully
15:18:00,042  INFO StatisticalLoggingSessionEventListener:258 - Session Metrics {
    172509 nanoseconds spent acquiring 1 JDBC connections;
    0 nanoseconds spent releasing 0 JDBC connections;
    1906673 nanoseconds spent preparing 1 JDBC statements;
    1043341 nanoseconds spent executing 1 JDBC statements;
    0 nanoseconds spent executing 0 JDBC batches;
    0 nanoseconds spent performing 0 L2C puts;
    0 nanoseconds spent performing 0 L2C hits;
    0 nanoseconds spent performing 0 L2C misses;
    0 nanoseconds spent executing 0 flushes (flushing a total of 0 entities and 0 collections);
    32765 nanoseconds spent executing 1 partial-flushes (flushing a total of 0 entities and 0 collections)
}
